Build started 26-Oct-15 4:21:01 PM.
     1>Project "C:\Users\Samuel\documents\visual studio 2013\Projects\Euler\Euler\Euler.vcxproj" on node 2 (Build target(s)).
     1>ClCompile:
         C:\Program Files (x86)\Microsoft Visual Studio 12.0\VC\bin\CL.exe /c /ZI /nologo /W3 /WX- /sdl /Od /Oy- /D _MBCS /Gm /EHsc /RTC1 /MDd /GS /fp:precise /Zc:wchar_t /Zc:forScope /Fo"Debug\\" /Fd"Debug\vc120.pdb" /Gd /TP /analyze- /errorReport:prompt Source.cpp
         Source.cpp
     1>c:\users\samuel\documents\visual studio 2013\projects\euler\euler\source.cpp(212): warning C4244: 'initializing' : conversion from 'double' to 'int', possible loss of data
     1>c:\users\samuel\documents\visual studio 2013\projects\euler\euler\source.cpp(254): warning C4244: '=' : conversion from 'double' to 'unsigned __int64', possible loss of data
     1>c:\users\samuel\documents\visual studio 2013\projects\euler\euler\source.cpp(260): warning C4244: 'argument' : conversion from 'double' to 'int', possible loss of data
     1>c:\users\samuel\documents\visual studio 2013\projects\euler\euler\source.cpp(279): warning C4018: '<' : signed/unsigned mismatch
     1>c:\users\samuel\documents\visual studio 2013\projects\euler\euler\source.cpp(295): warning C4018: '<' : signed/unsigned mismatch
     1>c:\users\samuel\documents\visual studio 2013\projects\euler\euler\source.cpp(300): warning C4244: 'return' : conversion from 'double' to 'long', possible loss of data
     1>c:\users\samuel\documents\visual studio 2013\projects\euler\euler\source.cpp(307): warning C4018: '<' : signed/unsigned mismatch
     1>c:\users\samuel\documents\visual studio 2013\projects\euler\euler\source.cpp(309): warning C4244: '+=' : conversion from 'double' to 'long', possible loss of data
     1>c:\users\samuel\documents\visual studio 2013\projects\euler\euler\source.cpp(409): warning C4018: '<' : signed/unsigned mismatch
     1>c:\users\samuel\documents\visual studio 2013\projects\euler\euler\source.cpp(461): warning C4244: '=' : conversion from 'unsigned __int64' to 'int', possible loss of data
       Link:
         C:\Program Files (x86)\Microsoft Visual Studio 12.0\VC\bin\link.exe /ERRORREPORT:PROMPT /OUT:"C:\Users\Samuel\documents\visual studio 2013\Projects\Euler\Debug\Euler.exe" /INCREMENTAL /NOLOGO kernel32.lib user32.lib gdi32.lib winspool.lib comdlg32.lib advapi32.lib shell32.lib ole32.lib oleaut32.lib uuid.lib odbc32.lib odbccp32.lib /MANIFEST /MANIFESTUAC:"level='asInvoker' uiAccess='false'" /manifest:embed /DEBUG /PDB:"C:\Users\Samuel\documents\visual studio 2013\Projects\Euler\Debug\Euler.pdb" /TLBID:1 /DYNAMICBASE /NXCOMPAT /IMPLIB:"C:\Users\Samuel\documents\visual studio 2013\Projects\Euler\Debug\Euler.lib" /MACHINE:X86 Debug\Euler.res
         Debug\Source.obj
         Euler.vcxproj -> C:\Users\Samuel\documents\visual studio 2013\Projects\Euler\Debug\Euler.exe
     1>Done Building Project "C:\Users\Samuel\documents\visual studio 2013\Projects\Euler\Euler\Euler.vcxproj" (Build target(s)).

Build succeeded.

Time Elapsed 00:00:00.84
