Build started 21-Oct-15 11:28:50 AM.
     1>Project "C:\Users\Samuel\documents\visual studio 2013\Projects\Euler\Euler\Euler.vcxproj" on node 2 (Build target(s)).
     1>ClCompile:
         C:\Program Files (x86)\Microsoft Visual Studio 12.0\VC\bin\CL.exe /c /Zi /nologo /W3 /WX- /sdl /O2 /Oi /Oy- /GL /D _MBCS /Gm- /EHsc /MD /GS /Gy /fp:precise /Zc:wchar_t /Zc:forScope /Fo"Release\\" /Fd"Release\vc120.pdb" /Gd /TP /analyze- /errorReport:prompt Source.cpp
         Source.cpp
     1>Source.cpp(191): warning C4244: 'initializing' : conversion from 'double' to 'int', possible loss of data
     1>Source.cpp(233): warning C4244: '=' : conversion from 'double' to 'unsigned __int64', possible loss of data
     1>Source.cpp(239): warning C4244: 'argument' : conversion from 'double' to 'int', possible loss of data
     1>Source.cpp(258): warning C4018: '<' : signed/unsigned mismatch
     1>Source.cpp(274): warning C4018: '<' : signed/unsigned mismatch
     1>Source.cpp(279): warning C4244: 'return' : conversion from 'double' to 'long', possible loss of data
     1>Source.cpp(286): warning C4018: '<' : signed/unsigned mismatch
     1>Source.cpp(288): warning C4244: '+=' : conversion from 'double' to 'long', possible loss of data
     1>Source.cpp(375): warning C4018: '<' : signed/unsigned mismatch
     1>Source.cpp(425): warning C4244: '=' : conversion from 'unsigned __int64' to 'int', possible loss of data
       ResourceCompile:
         C:\Program Files (x86)\Windows Kits\8.1\bin\x86\rc.exe /l"0x0409" /nologo /fo"Release\Euler.res" Euler.rc 
       Link:
         C:\Program Files (x86)\Microsoft Visual Studio 12.0\VC\bin\link.exe /ERRORREPORT:PROMPT /OUT:"C:\Users\Samuel\documents\visual studio 2013\Projects\Euler\Release\Euler.exe" /NOLOGO kernel32.lib user32.lib gdi32.lib winspool.lib comdlg32.lib advapi32.lib shell32.lib ole32.lib oleaut32.lib uuid.lib odbc32.lib odbccp32.lib /MANIFEST /MANIFESTUAC:"level='asInvoker' uiAccess='false'" /manifest:embed /DEBUG /PDB:"C:\Users\Samuel\documents\visual studio 2013\Projects\Euler\Release\Euler.pdb" /OPT:REF /OPT:ICF /LTCG /TLBID:1 /DYNAMICBASE /NXCOMPAT /IMPLIB:"C:\Users\Samuel\documents\visual studio 2013\Projects\Euler\Release\Euler.lib" /MACHINE:X86 /SAFESEH Release\Euler.res
         Release\Source.obj
         Generating code
         Finished generating code
         Euler.vcxproj -> C:\Users\Samuel\documents\visual studio 2013\Projects\Euler\Release\Euler.exe
     1>Done Building Project "C:\Users\Samuel\documents\visual studio 2013\Projects\Euler\Euler\Euler.vcxproj" (Build target(s)).

Build succeeded.

Time Elapsed 00:00:00.58
